0 info it worked if it ends with ok
1 verbose cli [ 'node', '/usr/local/bin/npm', 'install', 'video', '--save' ]
2 info using npm@1.1.62
3 info using node@v0.8.11
4 verbose read json /Users/dedelhart/Documents/node/GeoSphere/package.json
5 verbose read json /Users/dedelhart/Documents/node/GeoSphere/node_modules/assert/package.json
6 verbose read json /Users/dedelhart/Documents/node/GeoSphere/node_modules/async/package.json
7 verbose read json /Users/dedelhart/Documents/node/GeoSphere/node_modules/canvas/package.json
8 verbose read json /Users/dedelhart/Documents/node/GeoSphere/node_modules/chai/package.json
9 verbose read json /Users/dedelhart/Documents/node/GeoSphere/node_modules/csv/package.json
10 verbose read json /Users/dedelhart/Documents/node/GeoSphere/node_modules/gate/package.json
11 verbose read json /Users/dedelhart/Documents/node/GeoSphere/node_modules/humanize/package.json
12 verbose read json /Users/dedelhart/Documents/node/GeoSphere/node_modules/mkdirp/package.json
13 verbose read json /Users/dedelhart/Documents/node/GeoSphere/node_modules/mocha/package.json
14 verbose read json /Users/dedelhart/Documents/node/GeoSphere/node_modules/moment/package.json
15 verbose read json /Users/dedelhart/Documents/node/GeoSphere/node_modules/moment-range/package.json
16 verbose read json /Users/dedelhart/Documents/node/GeoSphere/node_modules/mongoose/package.json
17 verbose read json /Users/dedelhart/Documents/node/GeoSphere/node_modules/node-static/package.json
18 verbose read json /Users/dedelhart/Documents/node/GeoSphere/node_modules/rmdir/package.json
19 verbose read json /Users/dedelhart/Documents/node/GeoSphere/node_modules/should/package.json
20 verbose read json /Users/dedelhart/Documents/node/GeoSphere/node_modules/simplex-noise/package.json
21 verbose read json /Users/dedelhart/Documents/node/GeoSphere/node_modules/spec/package.json
22 verbose read json /Users/dedelhart/Documents/node/GeoSphere/node_modules/tap/package.json
23 verbose read json /Users/dedelhart/Documents/node/GeoSphere/node_modules/three/package.json
24 verbose read json /Users/dedelhart/Documents/node/GeoSphere/node_modules/underscore/package.json
25 verbose from cache /Users/dedelhart/Documents/node/GeoSphere/package.json
26 verbose readDependencies using package.json deps
27 verbose cache add [ 'video', null ]
28 silly cache add name=undefined spec="video" args=["video",null]
29 verbose parsed url { pathname: 'video', path: 'video', href: 'video' }
30 silly lockFile ffbaf58f-video video
31 verbose lock video /Users/dedelhart/.npm/ffbaf58f-video.lock
32 silly lockFile ffbaf58f-video video
33 verbose addNamed [ 'video', '' ]
34 verbose addNamed [ null, '' ]
35 silly lockFile fda31552-video video@
36 verbose lock video@ /Users/dedelhart/.npm/fda31552-video.lock
37 silly addNameRange { name: 'video', range: '', hasData: false }
38 verbose url raw video
39 verbose url resolving [ 'https://registry.npmjs.org/', './video' ]
40 verbose url resolved https://registry.npmjs.org/video
41 info trying registry request attempt 1 at 12:20:07
42 http GET https://registry.npmjs.org/video
43 http 200 https://registry.npmjs.org/video
44 silly registry.get cb [ 200,
44 silly registry.get   { vary: 'Accept',
44 silly registry.get     server: 'CouchDB/1.3.0 (Erlang OTP/R15B03)',
44 silly registry.get     etag: '"49JMQC0LW38SGTV3PDCOUV7DQ"',
44 silly registry.get     date: 'Sun, 14 Jul 2013 19:20:07 GMT',
44 silly registry.get     'content-type': 'application/json',
44 silly registry.get     'content-length': '5493' } ]
45 silly addNameRange number 2 { name: 'video', range: '', hasData: true }
46 silly addNameRange versions [ 'video', [ '1.0.0', '1.0.1', '1.0.2', '1.0.3', '2.0.0' ] ]
47 verbose addNamed [ 'video', '2.0.0' ]
48 verbose addNamed [ '2.0.0', '2.0.0' ]
49 silly lockFile a9903c28-video-2-0-0 video@2.0.0
50 verbose lock video@2.0.0 /Users/dedelhart/.npm/a9903c28-video-2-0-0.lock
51 silly lockFile ed32f1aa--npmjs-org-video-video-2-0-0-tgz https://registry.npmjs.org/video/-/video-2.0.0.tgz
52 verbose lock https://registry.npmjs.org/video/-/video-2.0.0.tgz /Users/dedelhart/.npm/ed32f1aa--npmjs-org-video-video-2-0-0-tgz.lock
53 verbose addRemoteTarball [ 'https://registry.npmjs.org/video/-/video-2.0.0.tgz',
53 verbose addRemoteTarball   'be2cc06ba2de2931056a88bf13036a3021c3b0c0' ]
54 info retry fetch attempt 1 at 12:20:07
55 verbose fetch to= /var/folders/fl/q84nz2690q942m_htlwzm7100000gp/T/npm-17978/1373829607903-0.8386782114394009/tmp.tgz
56 http GET https://registry.npmjs.org/video/-/video-2.0.0.tgz
57 http 200 https://registry.npmjs.org/video/-/video-2.0.0.tgz
58 silly shasum updated bytes 40960
59 silly shasum updated bytes 40960
60 silly shasum updated bytes 40960
61 silly shasum updated bytes 40960
62 silly shasum updated bytes 40960
63 silly shasum updated bytes 40960
64 silly shasum updated bytes 40960
65 silly shasum updated bytes 40960
66 silly shasum updated bytes 40960
67 silly shasum updated bytes 4000
68 info shasum be2cc06ba2de2931056a88bf13036a3021c3b0c0
68 info shasum /var/folders/fl/q84nz2690q942m_htlwzm7100000gp/T/npm-17978/1373829607903-0.8386782114394009/tmp.tgz
69 verbose tar unpack /var/folders/fl/q84nz2690q942m_htlwzm7100000gp/T/npm-17978/1373829607903-0.8386782114394009/tmp.tgz
70 silly lockFile b026923f-07903-0-8386782114394009-package /var/folders/fl/q84nz2690q942m_htlwzm7100000gp/T/npm-17978/1373829607903-0.8386782114394009/package
71 verbose lock /var/folders/fl/q84nz2690q942m_htlwzm7100000gp/T/npm-17978/1373829607903-0.8386782114394009/package /Users/dedelhart/.npm/b026923f-07903-0-8386782114394009-package.lock
72 silly gunzTarPerm modes [ '755', '644' ]
73 silly gunzTarPerm extractEntry tests/
74 silly gunzTarPerm extractEntry tests/full-frames/
75 silly gunzTarPerm extractEntry tests/full-frames/terminals.tar.bz2
76 silly gunzTarPerm extractEntry tests/full-frames/tovideo.js
77 silly gunzTarPerm extractEntry tests/stacked-frames/
78 silly gunzTarPerm extractEntry tests/stacked-frames/frames.tgz
79 silly gunzTarPerm extractEntry tests/stacked-frames/tovideo-async.js
80 silly gunzTarPerm extractEntry tests/stacked-frames/tovideo.js
81 silly gunzTarPerm extractEntry .npmignore
82 silly gunzTarPerm extractEntry src/
83 silly gunzTarPerm extractEntry src/async_stacked_video.cpp
84 silly gunzTarPerm extractEntry src/module.cpp
85 silly gunzTarPerm extractEntry src/common.h
86 silly gunzTarPerm extractEntry src/video_encoder.cpp
87 silly gunzTarPerm extractEntry src/common.cpp
88 silly gunzTarPerm extractEntry src/fixed_video.h
89 silly gunzTarPerm extractEntry src/fixed_video.cpp
90 silly gunzTarPerm extractEntry src/async_stacked_video.h
91 silly gunzTarPerm extractEntry src/video_encoder.h
92 silly gunzTarPerm extractEntry src/stacked_video.h
93 silly gunzTarPerm extractEntry src/stacked_video.cpp
94 silly gunzTarPerm extractEntry src/loki/
95 silly gunzTarPerm extractEntry src/loki/RefToValue.h
96 silly gunzTarPerm extractEntry src/loki/ScopeGuard.h
97 silly gunzTarPerm extractEntry src/utils.h
98 silly gunzTarPerm extractEntry src/utils.cpp
99 silly gunzTarPerm extractEntry readme.md
100 silly gunzTarPerm extractEntry discovery/
101 silly gunzTarPerm extractEntry discovery/full-frames/
102 silly gunzTarPerm extractEntry discovery/full-frames/framebyframe.c
103 silly gunzTarPerm extractEntry discovery/full-frames/terminals.tar.bz2
104 silly gunzTarPerm extractEntry discovery/full-frames/topng.js
105 silly gunzTarPerm extractEntry discovery/full-frames/Makefile
106 silly gunzTarPerm extractEntry discovery/full-frames-png/
107 silly gunzTarPerm extractEntry discovery/full-frames-png/png2theora.c
108 silly gunzTarPerm extractEntry discovery/full-frames-png/Makefile
109 silly gunzTarPerm extractEntry discovery/ffmpeg.formats
110 silly gunzTarPerm extractEntry discovery/rgba2yuv.c
111 silly gunzTarPerm extractEntry discovery/html5/
112 silly gunzTarPerm extractEntry discovery/html5/full-frame-video.js
113 silly gunzTarPerm extractEntry discovery/html5/index-full-frames.html
114 silly gunzTarPerm extractEntry discovery/html5/theora-frames-full.html
115 silly gunzTarPerm extractEntry discovery/html5/theora-frames-full/
116 silly gunzTarPerm extractEntry discovery/html5/theora-frames-full/fragment-052.dat
117 silly gunzTarPerm extractEntry discovery/html5/theora-frames-full/fragment-096.dat
118 silly gunzTarPerm extractEntry discovery/html5/theora-frames-full/fragment-093.dat
119 silly gunzTarPerm extractEntry discovery/html5/theora-frames-full/fragment-030.dat
120 silly gunzTarPerm extractEntry discovery/html5/theora-frames-full/fragment-000.dat
121 silly gunzTarPerm extractEntry discovery/html5/theora-frames-full/fragment-077.dat
122 silly gunzTarPerm extractEntry discovery/html5/theora-frames-full/fragment-072.dat
123 silly gunzTarPerm extractEntry discovery/html5/theora-frames-full/fragment-065.dat
124 silly gunzTarPerm extractEntry discovery/html5/theora-frames-full/fragment-001.dat
125 silly gunzTarPerm extractEntry discovery/html5/theora-frames-full/fragment-053.dat
126 silly gunzTarPerm extractEntry discovery/html5/theora-frames-full/fragment-080.dat
127 silly gunzTarPerm extractEntry discovery/html5/theora-frames-full/fragment-079.dat
128 silly gunzTarPerm extractEntry discovery/html5/theora-frames-full/fragment-105.dat
129 silly gunzTarPerm extractEntry discovery/html5/theora-frames-full/fragment-085.dat
130 silly gunzTarPerm extractEntry discovery/html5/theora-frames-full/fragment-012.dat
131 silly gunzTarPerm extractEntry discovery/html5/theora-frames-full/fragment-095.dat
132 silly gunzTarPerm extractEntry discovery/html5/theora-frames-full/fragment-070.dat
133 silly gunzTarPerm extractEntry discovery/html5/theora-frames-full/fragment-082.dat
134 silly gunzTarPerm extractEntry discovery/html5/theora-frames-full/fragment-066.dat
135 silly gunzTarPerm extractEntry discovery/html5/theora-frames-full/fragment-090.dat
136 silly gunzTarPerm extractEntry discovery/html5/theora-frames-full/fragment-099.dat
137 silly gunzTarPerm extractEntry discovery/html5/theora-frames-full/fragment-008.dat
138 silly gunzTarPerm extractEntry discovery/html5/theora-frames-full/fragment-089.dat
139 silly gunzTarPerm extractEntry discovery/html5/theora-frames-full/fragment-102.dat
140 silly gunzTarPerm extractEntry discovery/html5/theora-frames-full/fragment-076.dat
141 silly gunzTarPerm extractEntry discovery/html5/theora-frames-full/fragment-021.dat
142 silly gunzTarPerm extractEntry discovery/html5/theora-frames-full/fragment-104.dat
143 silly gunzTarPerm extractEntry discovery/html5/theora-frames-full/fragment-074.dat
144 silly gunzTarPerm extractEntry discovery/html5/theora-frames-full/fragment-057.dat
145 silly gunzTarPerm extractEntry discovery/html5/theora-frames-full/fragment-086.dat
146 silly gunzTarPerm extractEntry discovery/html5/theora-frames-full/fragment-067.dat
147 silly gunzTarPerm extractEntry discovery/html5/theora-frames-full/fragment-063.dat
148 silly gunzTarPerm extractEntry discovery/html5/theora-frames-full/fragment-062.dat
149 silly gunzTarPerm extractEntry discovery/html5/theora-frames-full/fragment-081.dat
150 silly gunzTarPerm extractEntry discovery/html5/theora-frames-full/fragment-075.dat
151 silly gunzTarPerm extractEntry discovery/html5/theora-frames-full/fragment-009.dat
152 silly gunzTarPerm extractEntry discovery/html5/theora-frames-full/fragment-020.dat
153 silly gunzTarPerm extractEntry discovery/html5/theora-frames-full/fragment-078.dat
154 silly gunzTarPerm extractEntry discovery/html5/theora-frames-full/fragment-071.dat
155 silly gunzTarPerm extractEntry discovery/html5/theora-frames-full/fragment-068.dat
156 silly gunzTarPerm extractEntry discovery/html5/theora-frames-full/fragment-039.dat
157 silly gunzTarPerm extractEntry discovery/html5/theora-frames-full/fragment-010.dat
158 silly gunzTarPerm extractEntry discovery/html5/theora-frames-full/fragment-103.dat
159 silly gunzTarPerm extractEntry discovery/html5/theora-frames-full/fragment-017.dat
160 silly gunzTarPerm extractEntry discovery/html5/theora-frames-full/fragment-043.dat
161 silly gunzTarPerm extractEntry discovery/html5/theora-frames-full/fragment-046.dat
162 silly gunzTarPerm extractEntry discovery/html5/theora-frames-full/fragment-045.dat
163 silly gunzTarPerm extractEntry discovery/html5/theora-frames-full/fragment-003.dat
164 silly gunzTarPerm extractEntry discovery/html5/theora-frames-full/fragment-048.dat
165 silly gunzTarPerm extractEntry discovery/html5/theora-frames-full/fragment-060.dat
166 silly gunzTarPerm extractEntry discovery/html5/theora-frames-full/fragment-011.dat
167 silly gunzTarPerm extractEntry discovery/html5/theora-frames-full/fragment-037.dat
168 silly gunzTarPerm extractEntry discovery/html5/theora-frames-full/fragment-083.dat
169 silly gunzTarPerm extractEntry discovery/html5/theora-frames-full/fragment-016.dat
170 silly gunzTarPerm extractEntry discovery/html5/theora-frames-full/fragment-073.dat
171 silly gunzTarPerm extractEntry discovery/html5/theora-frames-full/fragment-059.dat
172 silly gunzTarPerm extractEntry discovery/html5/theora-frames-full/fragment-019.dat
173 silly gunzTarPerm extractEntry discovery/html5/theora-frames-full/fragment-034.dat
174 silly gunzTarPerm extractEntry discovery/html5/theora-frames-full/fragment-007.dat
175 silly gunzTarPerm extractEntry discovery/html5/theora-frames-full/fragment-040.dat
176 silly gunzTarPerm extractEntry discovery/html5/theora-frames-full/fragment-097.dat
177 silly gunzTarPerm extractEntry discovery/html5/theora-frames-full/fragment-088.dat
178 silly gunzTarPerm extractEntry discovery/html5/theora-frames-full/fragment-056.dat
179 silly gunzTarPerm extractEntry discovery/html5/theora-frames-full/fragment-028.dat
180 silly gunzTarPerm extractEntry discovery/html5/theora-frames-full/fragment-047.dat
181 silly gunzTarPerm extractEntry discovery/html5/theora-frames-full/fragment-025.dat
182 silly gunzTarPerm extractEntry discovery/html5/theora-frames-full/fragment-051.dat
183 silly gunzTarPerm extractEntry discovery/html5/theora-frames-full/fragment-084.dat
184 silly gunzTarPerm extractEntry discovery/html5/theora-frames-full/fragment-064.dat
185 silly gunzTarPerm extractEntry discovery/html5/theora-frames-full/fragment-054.dat
186 silly gunzTarPerm extractEntry discovery/html5/theora-frames-full/fragment-035.dat
187 silly gunzTarPerm extractEntry discovery/html5/theora-frames-full/fragment-022.dat
188 silly gunzTarPerm extractEntry discovery/html5/theora-frames-full/fragment-061.dat
189 silly gunzTarPerm extractEntry discovery/html5/theora-frames-full/fragment-101.dat
190 silly gunzTarPerm extractEntry discovery/html5/theora-frames-full/fragment-018.dat
191 silly gunzTarPerm extractEntry discovery/html5/theora-frames-full/fragment-058.dat
192 silly gunzTarPerm extractEntry discovery/html5/theora-frames-full/fragment-069.dat
193 silly gunzTarPerm extractEntry discovery/html5/theora-frames-full/fragment-100.dat
194 silly gunzTarPerm extractEntry discovery/html5/theora-frames-full/fragment-015.dat
195 silly gunzTarPerm extractEntry discovery/html5/theora-frames-full/fragment-041.dat
196 silly gunzTarPerm extractEntry discovery/html5/theora-frames-full/fragment-006.dat
197 silly gunzTarPerm extractEntry discovery/html5/theora-frames-full/fragment-023.dat
198 silly gunzTarPerm extractEntry discovery/html5/theora-frames-full/fragment-013.dat
199 silly gunzTarPerm extractEntry discovery/html5/theora-frames-full/fragment-038.dat
200 silly gunzTarPerm extractEntry discovery/html5/theora-frames-full/fragment-044.dat
201 silly gunzTarPerm extractEntry discovery/html5/theora-frames-full/fragment-005.dat
202 silly gunzTarPerm extractEntry discovery/html5/theora-frames-full/fragment-014.dat
203 silly gunzTarPerm extractEntry discovery/html5/theora-frames-full/fragment-036.dat
204 silly gunzTarPerm extractEntry discovery/html5/theora-frames-full/fragment-042.dat
205 silly gunzTarPerm extractEntry discovery/html5/theora-frames-full/fragment-031.dat
206 silly gunzTarPerm extractEntry discovery/html5/theora-frames-full/fragment-098.dat
207 silly gunzTarPerm extractEntry discovery/html5/theora-frames-full/fragment-049.dat
208 silly gunzTarPerm extractEntry discovery/html5/theora-frames-full/fragment-094.dat
209 silly gunzTarPerm extractEntry discovery/html5/theora-frames-full/fragment-029.dat
210 silly gunzTarPerm extractEntry discovery/html5/theora-frames-full/fragment-091.dat
211 silly gunzTarPerm extractEntry discovery/html5/theora-frames-full/fragment-050.dat
212 silly gunzTarPerm extractEntry discovery/html5/theora-frames-full/fragment-027.dat
213 silly gunzTarPerm extractEntry discovery/html5/theora-frames-full/fragment-032.dat
214 silly gunzTarPerm extractEntry discovery/html5/theora-frames-full/fragment-024.dat
215 silly gunzTarPerm extractEntry discovery/html5/theora-frames-full/fragment-055.dat
216 silly gunzTarPerm extractEntry discovery/html5/theora-frames-full/fragment-002.dat
217 silly gunzTarPerm extractEntry discovery/html5/theora-frames-full/fragment-026.dat
218 silly gunzTarPerm extractEntry discovery/html5/theora-frames-full/fragment-087.dat
219 silly gunzTarPerm extractEntry discovery/html5/theora-frames-full/fragment-004.dat
220 silly gunzTarPerm extractEntry discovery/html5/theora-frames-full/fragment-033.dat
221 silly gunzTarPerm extractEntry discovery/html5/theora-frames-full/fragment-092.dat
222 silly gunzTarPerm extractEntry discovery/html5/theora-frames-full.js
223 silly gunzTarPerm extractEntry discovery/rgbatorgb.c
224 silly gunzTarPerm extractEntry package.json~
225 silly gunzTarPerm extractEntry wscript
226 silly gunzTarPerm extractEntry package.json
227 silly gunzTarPerm extractEntry .gitignore
228 verbose read json /var/folders/fl/q84nz2690q942m_htlwzm7100000gp/T/npm-17978/1373829607903-0.8386782114394009/package/package.json
229 silly lockFile b026923f-07903-0-8386782114394009-package /var/folders/fl/q84nz2690q942m_htlwzm7100000gp/T/npm-17978/1373829607903-0.8386782114394009/package
230 verbose from cache /var/folders/fl/q84nz2690q942m_htlwzm7100000gp/T/npm-17978/1373829607903-0.8386782114394009/package/package.json
231 verbose tar pack [ '/Users/dedelhart/.npm/video/2.0.0/package.tgz',
231 verbose tar pack   '/var/folders/fl/q84nz2690q942m_htlwzm7100000gp/T/npm-17978/1373829607903-0.8386782114394009/package' ]
232 verbose tarball /Users/dedelhart/.npm/video/2.0.0/package.tgz
233 verbose folder /var/folders/fl/q84nz2690q942m_htlwzm7100000gp/T/npm-17978/1373829607903-0.8386782114394009/package
234 silly lockFile aa76cf4d-hart-npm-video-2-0-0-package-tgz /Users/dedelhart/.npm/video/2.0.0/package.tgz
235 verbose lock /Users/dedelhart/.npm/video/2.0.0/package.tgz /Users/dedelhart/.npm/aa76cf4d-hart-npm-video-2-0-0-package-tgz.lock
236 silly lockFile aa76cf4d-hart-npm-video-2-0-0-package-tgz /Users/dedelhart/.npm/video/2.0.0/package.tgz
237 silly lockFile 77c0b808-edelhart-npm-video-2-0-0-package /Users/dedelhart/.npm/video/2.0.0/package
238 verbose lock /Users/dedelhart/.npm/video/2.0.0/package /Users/dedelhart/.npm/77c0b808-edelhart-npm-video-2-0-0-package.lock
239 silly lockFile 77c0b808-edelhart-npm-video-2-0-0-package /Users/dedelhart/.npm/video/2.0.0/package
240 verbose tar unpack /Users/dedelhart/.npm/video/2.0.0/package.tgz
241 silly lockFile 77c0b808-edelhart-npm-video-2-0-0-package /Users/dedelhart/.npm/video/2.0.0/package
242 verbose lock /Users/dedelhart/.npm/video/2.0.0/package /Users/dedelhart/.npm/77c0b808-edelhart-npm-video-2-0-0-package.lock
243 silly gunzTarPerm modes [ '755', '644' ]
244 silly gunzTarPerm extractEntry package.json
245 silly gunzTarPerm extractEntry .npmignore
246 silly gunzTarPerm extractEntry package.json~
247 silly gunzTarPerm extractEntry readme.md
248 silly gunzTarPerm extractEntry src/module.cpp
249 silly gunzTarPerm extractEntry src/async_stacked_video.cpp
250 silly gunzTarPerm extractEntry src/common.cpp
251 silly gunzTarPerm extractEntry src/common.h
252 silly gunzTarPerm extractEntry src/fixed_video.cpp
253 silly gunzTarPerm extractEntry src/fixed_video.h
254 silly gunzTarPerm extractEntry src/loki/RefToValue.h
255 silly gunzTarPerm extractEntry src/loki/ScopeGuard.h
256 silly gunzTarPerm extractEntry src/async_stacked_video.h
257 silly gunzTarPerm extractEntry src/stacked_video.cpp
258 silly gunzTarPerm extractEntry src/stacked_video.h
259 silly gunzTarPerm extractEntry src/utils.cpp
260 silly gunzTarPerm extractEntry src/utils.h
261 silly gunzTarPerm extractEntry src/video_encoder.cpp
262 silly gunzTarPerm extractEntry src/video_encoder.h
263 silly gunzTarPerm extractEntry tests/full-frames/tovideo.js
264 silly gunzTarPerm extractEntry tests/full-frames/terminals.tar.bz2
265 silly gunzTarPerm extractEntry tests/stacked-frames/tovideo-async.js
266 silly gunzTarPerm extractEntry tests/stacked-frames/tovideo.js
267 silly gunzTarPerm extractEntry tests/stacked-frames/frames.tgz
268 silly gunzTarPerm extractEntry wscript
269 verbose read json /Users/dedelhart/.npm/video/2.0.0/package/package.json
270 silly lockFile 77c0b808-edelhart-npm-video-2-0-0-package /Users/dedelhart/.npm/video/2.0.0/package
271 silly shasum updated bytes 40960
272 silly shasum updated bytes 40960
273 silly shasum updated bytes 13417
274 info shasum eb566fb60cb07a09dee68fef91bcb0be61daa3f8
274 info shasum /Users/dedelhart/.npm/video/2.0.0/package.tgz
275 verbose from cache /Users/dedelhart/.npm/video/2.0.0/package/package.json
276 verbose chmod /Users/dedelhart/.npm/video/2.0.0/package.tgz 644
277 verbose chown /Users/dedelhart/.npm/video/2.0.0/package.tgz [ 502, 20 ]
278 silly lockFile ed32f1aa--npmjs-org-video-video-2-0-0-tgz https://registry.npmjs.org/video/-/video-2.0.0.tgz
279 silly lockFile a9903c28-video-2-0-0 video@2.0.0
280 silly lockFile fda31552-video video@
281 silly resolved [ { name: 'video',
281 silly resolved     version: '2.0.0',
281 silly resolved     main: 'video',
281 silly resolved     description: 'A C++ module for node.js that creates Theora/Ogg videos from RGB frames.',
281 silly resolved     keywords: [ 'video', 'videos', 'theora', 'rgb' ],
281 silly resolved     author:
281 silly resolved      { name: 'Peteris Krumins',
281 silly resolved        email: 'peteris.krumins@gmail.com',
281 silly resolved        url: 'http://www.catonmat.net' },
281 silly resolved     license: 'MIT',
281 silly resolved     repository:
281 silly resolved      { type: 'git',
281 silly resolved        url: 'http://github.com/pkrumins/node-video.git' },
281 silly resolved     directories: { tests: 'tests' },
281 silly resolved     engines: { node: '>=0.1.93' },
281 silly resolved     scripts: { install: 'node-waf configure build' },
281 silly resolved     readme: '\r\nThis is a node.js module, writen in C++, that produces Theora/Ogg videos from\r\nthe given RGB buffers.\r\n\r\nIt was written by Peteris Krumins (peter@catonmat.net).\r\nHis blog is at http://www.catonmat.net  --  good coders code, great reuse.\r\n\r\n------------------------------------------------------------------------------\r\n\r\nThis module exports several objects that you can work with:\r\n\r\n    * FixedVideo - to create videos from fixed size frames\r\n    * StackedVideo - to create videos from fragmented frames (stack them together)\r\n    * AsyncStackedVideo - same as StackedVideo but asynchronous\r\n\r\n    // these are not there yet, still hacking them in right now.\r\n    // * StreamingVideo - to create streamable videos (works with HTML5 <video>)\r\n\r\n##FixedVideo\r\n\r\nFixedVideo object is for creating videos from fixed size frames. That is,\r\neach frame is exactly the same size, for example, each frame is 720x400 pixels.\r\n\r\nHere is how to use FixedVideo. First you need to create a new instance of this\r\nobject. The constructor takes two arguments `width` and `height` of the video:\r\n\r\n    var video = new FixedVideo(width, height);\r\n\r\nNext, you need to set the output file this video will be written to. This is\r\ndone via `setOutputFile` method, it can be relative or absolute path. If nodejs\r\ndoesn\'t have the necessary permissions to write the file, it will throw an\r\nexception as soon as you submit the first frame. Here is how you use setOutputFile:\r\n\r\n    video.setOutputFile(\'./cool_video.ogv\');\r\n\r\nThe .ogv extension stands for ogg-video.\r\n\r\nThen you can also change the quality of the video via `setQuality` method. The\r\nquality must be between 0-63, where 0 is the worst quality and 63 is the best.\r\nThe default quality is 31.\r\n\r\n    video.setQuality(63);   // best video quality\r\n\r\nYou can also change the frame rate with `setFrameRate`. The default is 25fps,\r\nto change it do this:\r\n\r\n    video.setFrameRate(50);  // frame rate is now 50 fps\r\n\r\nThe keyframe interval can also be controlled. Use `setKeyFrameInterval` to set it.\r\nIt must be a power of two:\r\n\r\n    video.setKeyFrameInterval(128);  // keyframe every 128 frames\r\n\r\nImportant: All of the above options should be set before submitting the first\r\nframe.\r\n\r\nNow, to start writing video, call `newFrame` method with frames sequentially.\r\nFrames must be RGB nodejs Buffer objects.\r\n\r\n    video.newFrame(rgb_frame);\r\n\r\nFixedVideo is lazy by itself and will write headers of the video only after\r\nreceiving the first frame, so the first frame may take longer to encode than\r\nsubsequent, because there is a lot of initialization going on.\r\n\r\nIf at any time you\'re done writing video, call the `end` method,\r\n\r\n    video.end();\r\n\r\nThis will close all open files and free resources. But you can also leave it\r\nto garbage collector. If `video` goes out of scope, it also closes the video\r\nfile and frees all resources.\r\n\r\n\r\n##StackedVideo\r\n\r\nStackedVideo object is for stacking many small frame updates together and then\r\nencoding the frame as a whole. Here is how it works. The first frame sent to\r\nStackedVideo must be a full frame (the width and height must match video\'s\r\nwidth and height). Next, you can either send another full frame for encoding\r\nor update parts of the last frame. It\'s useful in a situation like doing a\r\nscreen recording, when only one smart part of the screen updates, you redraw\r\njust that portion and nothing else.\r\n\r\nMust of the usage is just like you\'d use FixedVideo object.\r\n\r\nFirst create a StackedVideo object:\r\n\r\n    var stackedVideo = new StackedVideo(width, height);\r\n\r\nThen set the output file:\r\n\r\n    stackedVideo.setOutputFile(\'./screencast.ogv\');\r\n\r\nThen set the quality, framerate, keyframe interval, via `setQuality`,\r\n`setFrameRate`, `setKeyFrameInterval` methods.\r\n\r\nNow you have to submit a full frame to StackedVideo, do it via regular\r\n`newFrame` method:\r\n\r\n    stackedVideo.newFrame(rgb_frame);\r\n\r\nThis will encode this frame, and remember it. Now you can use `push` method\r\nto push an update to the frame. The usage is as following:\r\n\r\n    stackedVideo.push(rgb_rectangle, x, y, width, height);\r\n\r\nThis will put the rectangle of width x height at position (x, y). Make sure\r\ndimensions don\'t overflow or you\'ll get an exception. You can also push the\r\nfirst full frame with this method instead of using newFrame, make sure that\r\n(x,y) = (0,0) and width, height are video\'s width, height.\r\n\r\nAfter you\'re done pushing all the updates you wanted, call `endPush`. This\r\nwill encode the frame (and keep the previous frame in memory, so you can `push`\r\nmore stuff):\r\n\r\n    stackedVideo.endPush();\r\n\r\nStacked videos can also duplicate previous frames cheaply to imitate VFR (variable\r\nframe rate). Pass millisecond argument to `endPush` to make it duplicate the previous\r\nfor the right amount of time. Here is what I mean,\r\n\r\nIf you call,\r\n\r\n    stackedVideo.endPush((new Date).getTime());\r\n\r\nevery time, then the previous frame will be duplicated the right number of times\r\nso that video played at the right framerate.\r\n\r\nWhen you\'re totally done with encoding, call the `end` method:\r\n\r\n    stackedVideo.end();\r\n\r\nThat will close all the file handles and free memory. Alternatively you can let\r\nthe `stackedVideo` object go out of scope, which will have the same effect.\r\n\r\n\r\n##AsyncStackedVideo\r\n\r\nAsyncStackedVideo is the same as StackedVideo except it\'s asynchronous.\r\n\r\n    var asyncVideo = new AsyncStackedVideo(width, height);\r\n    asyncVideo.setOutputFile(\'./video.ogv\');\r\n    \r\nTo use it you must specify the temporary directory for fragments (it writes them\r\nasynchronously to disk):\r\n\r\n    asyncVideo.setTmpDir(\'/tmp/foo\');\r\n\r\nNext you .push fragments to it, and after you\'re done with one frame,\r\nyou call .endPush.\r\n\r\nThen when you\'re totally done with all the frames, call .encode and pass it a\r\ncallback function, which will be called once the encoding is done:\r\n\r\n    asyncVideo.encode(function (ok, error) {\r\n        if (ok) {\r\n            // video was written to the file you set by .setOutputFile\r\n        }\r\n        else {\r\n            // failure, examine \'error\'\r\n        }\r\n    });\r\n\r\n\r\n##StreamingVideo\r\n\r\nAlso coming near you soon. This is the most awesome stuff!\r\n\r\n\r\n##How to compile?\r\n\r\nYou need node.js installed to compile this module. When installed it comes with\r\nnode-waf tool, run it in this libs dir:\r\n\r\n    node-waf configure build\r\n\r\nThis will produce video.node dll. After that, make sure NODE_PATH contains lib\'s\r\ndir. \r\n\r\n## Installation\r\n\r\n    npm install node-video [-g]\r\n\r\n##Other stuff in this module\r\n\r\nThe discovery/ directory contains all the snippets I wrote to understand how\r\nto get video working. It\'s a habit of effective hackers to try lots of small\r\nthings out until you get the whole picture of how things should work. I call\r\nit "the hacker\'s approach," where you hack stuff up quickly without any\r\nunderstanding, and then rewrite it to produce working modules.\r\n\r\nI also tried libx264 but since it was only supported by Chrome, I went with\r\nlibtheora. Maybe I\'ll add libx264 later as it gets support from more browsers.\r\n\r\nThis library was written for my and SubStack\'s StackVM startup.\r\n\r\n------------------------------------------------------------------------------\r\n\r\nHappy videoing!\r\n\r\n\r\nSincerely,\r\nPeteris Krumins\r\nhttp://www.catonmat.net\r\n\r\n## Contributors\r\n\r\n* Node v0.3 buffers (James Halliday substack)\r\n* Node v0.6 compatibility (Pascal Deschenes <pdeschen at gmail dot com>)\r\n',
281 silly resolved     _id: 'video@2.0.0',
281 silly resolved     dist: { shasum: 'eb566fb60cb07a09dee68fef91bcb0be61daa3f8' },
281 silly resolved     _from: 'video' } ]
282 info install video@2.0.0 into /Users/dedelhart/Documents/node/GeoSphere
283 info installOne video@2.0.0
284 verbose from cache /Users/dedelhart/.npm/video/2.0.0/package/package.json
285 info /Users/dedelhart/Documents/node/GeoSphere/node_modules/video unbuild
286 verbose read json /Users/dedelhart/Documents/node/GeoSphere/node_modules/video/package.json
287 verbose tar unpack /Users/dedelhart/.npm/video/2.0.0/package.tgz
288 silly lockFile 8daa19a8-ode-GeoSphere-node-modules-video /Users/dedelhart/Documents/node/GeoSphere/node_modules/video
289 verbose lock /Users/dedelhart/Documents/node/GeoSphere/node_modules/video /Users/dedelhart/.npm/8daa19a8-ode-GeoSphere-node-modules-video.lock
290 silly gunzTarPerm modes [ '755', '644' ]
291 silly gunzTarPerm extractEntry package.json
292 silly gunzTarPerm extractEntry .npmignore
293 silly gunzTarPerm extractEntry package.json~
294 silly gunzTarPerm extractEntry readme.md
295 silly gunzTarPerm extractEntry src/module.cpp
296 silly gunzTarPerm extractEntry src/async_stacked_video.cpp
297 silly gunzTarPerm extractEntry src/common.cpp
298 silly gunzTarPerm extractEntry src/common.h
299 silly gunzTarPerm extractEntry src/fixed_video.cpp
300 silly gunzTarPerm extractEntry src/fixed_video.h
301 silly gunzTarPerm extractEntry src/loki/RefToValue.h
302 silly gunzTarPerm extractEntry src/loki/ScopeGuard.h
303 silly gunzTarPerm extractEntry src/async_stacked_video.h
304 silly gunzTarPerm extractEntry src/stacked_video.cpp
305 silly gunzTarPerm extractEntry src/stacked_video.h
306 silly gunzTarPerm extractEntry src/utils.cpp
307 silly gunzTarPerm extractEntry src/utils.h
308 silly gunzTarPerm extractEntry src/video_encoder.cpp
309 silly gunzTarPerm extractEntry src/video_encoder.h
310 silly gunzTarPerm extractEntry tests/full-frames/tovideo.js
311 silly gunzTarPerm extractEntry tests/full-frames/terminals.tar.bz2
312 silly gunzTarPerm extractEntry tests/stacked-frames/tovideo-async.js
313 silly gunzTarPerm extractEntry tests/stacked-frames/tovideo.js
314 silly gunzTarPerm extractEntry tests/stacked-frames/frames.tgz
315 silly gunzTarPerm extractEntry wscript
316 verbose read json /Users/dedelhart/Documents/node/GeoSphere/node_modules/video/package.json
317 silly lockFile 8daa19a8-ode-GeoSphere-node-modules-video /Users/dedelhart/Documents/node/GeoSphere/node_modules/video
318 info preinstall video@2.0.0
319 verbose from cache /Users/dedelhart/Documents/node/GeoSphere/node_modules/video/package.json
320 verbose readDependencies using package.json deps
321 verbose from cache /Users/dedelhart/Documents/node/GeoSphere/node_modules/video/package.json
322 verbose readDependencies using package.json deps
323 silly resolved []
324 verbose about to build /Users/dedelhart/Documents/node/GeoSphere/node_modules/video
325 info build /Users/dedelhart/Documents/node/GeoSphere/node_modules/video
326 verbose from cache /Users/dedelhart/Documents/node/GeoSphere/node_modules/video/package.json
327 verbose linkStuff [ false,
327 verbose linkStuff   false,
327 verbose linkStuff   false,
327 verbose linkStuff   '/Users/dedelhart/Documents/node/GeoSphere/node_modules' ]
328 info linkStuff video@2.0.0
329 verbose linkBins video@2.0.0
330 verbose linkMans video@2.0.0
331 verbose rebuildBundles video@2.0.0
332 info install video@2.0.0
333 verbose unsafe-perm in lifecycle true
334 silly exec sh "-c" "node-waf configure build"
335 silly sh,-c,node-waf configure build,/Users/dedelhart/Documents/node/GeoSphere/node_modules/video spawning
336 info video@2.0.0 Failed to exec install script
337 info /Users/dedelhart/Documents/node/GeoSphere/node_modules/video unbuild
338 verbose from cache /Users/dedelhart/Documents/node/GeoSphere/node_modules/video/package.json
339 info preuninstall video@2.0.0
340 info uninstall video@2.0.0
341 verbose true,/Users/dedelhart/Documents/node/GeoSphere/node_modules,/Users/dedelhart/Documents/node/GeoSphere/node_modules unbuild video@2.0.0
342 info postuninstall video@2.0.0
343 error video@2.0.0 install: `node-waf configure build`
343 error `sh "-c" "node-waf configure build"` failed with 1
344 error Failed at the video@2.0.0 install script.
344 error This is most likely a problem with the video package,
344 error not with npm itself.
344 error Tell the author that this fails on your system:
344 error     node-waf configure build
344 error You can get their info via:
344 error     npm owner ls video
344 error There is likely additional logging output above.
345 error System Darwin 12.4.0
346 error command "node" "/usr/local/bin/npm" "install" "video" "--save"
347 error cwd /Users/dedelhart/Documents/node/GeoSphere
348 error node -v v0.8.11
349 error npm -v 1.1.62
350 error code ELIFECYCLE
351 verbose exit [ 1, true ]
